2025-09-25T16:03:28.683+03:00  INFO 145204 --- [user-service] [main] c.example.user.UserServiceApplication    : Starting UserServiceApplication using Java 21.0.8 with PID 145204 (/home/omerkarabas/development/grpc-microservices/user-service/target/classes started by omerkarabas in /home/omerkarabas/development/grpc-microservices/user-service)
2025-09-25T16:03:28.684+03:00 DEBUG 145204 --- [user-service] [main] c.example.user.UserServiceApplication    : Running with Spring Boot v3.5.6, Spring v6.2.11
2025-09-25T16:03:28.685+03:00  INFO 145204 --- [user-service] [main] c.example.user.UserServiceApplication    : No active profile set, falling back to 1 default profile: "default"
2025-09-25T16:03:28.924+03:00  INFO 145204 --- [user-service] [main] .s.d.r.c.RepositoryConfigurationDelegate : Bootstrapping Spring Data JPA repositories in DEFAULT mode.
2025-09-25T16:03:28.972+03:00  INFO 145204 --- [user-service] [main] .s.d.r.c.RepositoryConfigurationDelegate : Finished Spring Data repository scanning in 41 ms. Found 1 JPA repository interface.
2025-09-25T16:03:29.215+03:00  INFO 145204 --- [user-service] [main] o.hibernate.jpa.internal.util.LogHelper  : HHH000204: Processing PersistenceUnitInfo [name: default]
2025-09-25T16:03:29.243+03:00  INFO 145204 --- [user-service] [main] org.hibernate.Version                    : HHH000412: Hibernate ORM core version 6.6.29.Final
2025-09-25T16:03:29.266+03:00  INFO 145204 --- [user-service] [main] o.h.c.internal.RegionFactoryInitiator    : HHH000026: Second-level cache disabled
2025-09-25T16:03:29.449+03:00  INFO 145204 --- [user-service] [main] o.s.o.j.p.SpringPersistenceUnitInfo      : No LoadTimeWeaver setup: ignoring JPA class transformer
2025-09-25T16:03:29.465+03:00  INFO 145204 --- [user-service] [main] com.zaxxer.hikari.HikariDataSource       : HikariPool-1 - Starting...
2025-09-25T16:03:29.559+03:00  INFO 145204 --- [user-service] [main] com.zaxxer.hikari.pool.HikariPool        : HikariPool-1 - Added connection conn0: url=jdbc:h2:mem:usersdb user=SA
2025-09-25T16:03:29.560+03:00  INFO 145204 --- [user-service] [main] com.zaxxer.hikari.HikariDataSource       : HikariPool-1 - Start completed.
2025-09-25T16:03:29.572+03:00  WARN 145204 --- [user-service] [main] org.hibernate.orm.deprecation            : HHH90000025: H2Dialect does not need to be specified explicitly using 'hibernate.dialect' (remove the property setting and it will be selected by default)
2025-09-25T16:03:29.582+03:00  INFO 145204 --- [user-service] [main] org.hibernate.orm.connections.pooling    : HHH10001005: Database info:
	Database JDBC URL [Connecting through datasource 'HikariDataSource (HikariPool-1)']
	Database driver: undefined/unknown
	Database version: 2.2.224
	Autocommit mode: undefined/unknown
	Isolation level: undefined/unknown
	Minimum pool size: undefined/unknown
	Maximum pool size: undefined/unknown
2025-09-25T16:03:30.026+03:00  INFO 145204 --- [user-service] [main] o.h.e.t.j.p.i.JtaPlatformInitiator       : HHH000489: No JTA platform available (set 'hibernate.transaction.jta.platform' to enable JTA platform integration)
2025-09-25T16:03:30.032+03:00 DEBUG 145204 --- [user-service] [main] org.hibernate.SQL                        : 
    drop table if exists users cascade 
2025-09-25T16:03:30.038+03:00 DEBUG 145204 --- [user-service] [main] org.hibernate.SQL                        : 
    create table users (
        created_at timestamp(6) not null,
        updated_at timestamp(6),
        user_id bigint generated by default as identity,
        version bigint,
        phone_number varchar(50) not null,
        postal_code varchar(50),
        city_name varchar(100) not null,
        country_name varchar(100) not null,
        full_name varchar(100) not null,
        state_name varchar(100),
        email_address varchar(150) not null unique,
        street_address varchar(500),
        primary key (user_id)
    )
2025-09-25T16:03:30.046+03:00  INFO 145204 --- [user-service] [main] j.LocalContainerEntityManagerFactoryBean : Initialized JPA EntityManagerFactory for persistence unit 'default'
2025-09-25T16:03:30.202+03:00  WARN 145204 --- [user-service] [main] c.e.c.c.GrpcExceptionHandlingConfig      : GlobalExceptionInterceptor is not properly configured. Please register it manually in your gRPC server configuration.
2025-09-25T16:03:30.229+03:00  INFO 145204 --- [user-service] [main] g.s.a.GrpcServerFactoryAutoConfiguration : Detected grpc-netty-shaded: Creating ShadedNettyGrpcServerFactory
2025-09-25T16:03:30.334+03:00 DEBUG 145204 --- [user-service] [main] i.g.n.s.i.n.u.i.l.InternalLoggerFactory  : Using SLF4J as the default logging framework
2025-09-25T16:03:30.336+03:00 DEBUG 145204 --- [user-service] [main] i.g.n.s.i.n.u.i.PlatformDependent0       : -Dio.netty.noUnsafe: false
2025-09-25T16:03:30.336+03:00 DEBUG 145204 --- [user-service] [main] i.g.n.s.i.n.u.i.PlatformDependent0       : Java version: 21
2025-09-25T16:03:30.337+03:00 DEBUG 145204 --- [user-service] [main] i.g.n.s.i.n.u.i.PlatformDependent0       : sun.misc.Unsafe.theUnsafe: available
2025-09-25T16:03:30.338+03:00 DEBUG 145204 --- [user-service] [main] i.g.n.s.i.n.u.i.PlatformDependent0       : sun.misc.Unsafe.copyMemory: available
2025-09-25T16:03:30.338+03:00 DEBUG 145204 --- [user-service] [main] i.g.n.s.i.n.u.i.PlatformDependent0       : sun.misc.Unsafe.storeFence: available
2025-09-25T16:03:30.339+03:00 DEBUG 145204 --- [user-service] [main] i.g.n.s.i.n.u.i.PlatformDependent0       : java.nio.Buffer.address: available
2025-09-25T16:03:30.339+03:00 DEBUG 145204 --- [user-service] [main] i.g.n.s.i.n.u.i.PlatformDependent0       : direct buffer constructor: unavailable: Reflective setAccessible(true) disabled
2025-09-25T16:03:30.339+03:00 DEBUG 145204 --- [user-service] [main] i.g.n.s.i.n.u.i.PlatformDependent0       : java.nio.Bits.unaligned: available, true
2025-09-25T16:03:30.340+03:00 DEBUG 145204 --- [user-service] [main] i.g.n.s.i.n.u.i.PlatformDependent0       : jdk.internal.misc.Unsafe.allocateUninitializedArray(int): unavailable: class io.grpc.netty.shaded.io.netty.util.internal.PlatformDependent0$7 cannot access class jdk.internal.misc.Unsafe (in module java.base) because module java.base does not export jdk.internal.misc to unnamed module @727803de
2025-09-25T16:03:30.341+03:00 DEBUG 145204 --- [user-service] [main] i.g.n.s.i.n.u.i.PlatformDependent0       : java.nio.DirectByteBuffer.<init>(long, {int,long}): unavailable
2025-09-25T16:03:30.341+03:00 DEBUG 145204 --- [user-service] [main] i.g.n.s.i.n.u.i.PlatformDependent        : sun.misc.Unsafe: available
2025-09-25T16:03:30.345+03:00 DEBUG 145204 --- [user-service] [main] i.g.n.s.i.n.u.i.PlatformDependent        : maxDirectMemory: 10435428352 bytes (maybe)
2025-09-25T16:03:30.345+03:00 DEBUG 145204 --- [user-service] [main] i.g.n.s.i.n.u.i.PlatformDependent        : -Dio.netty.tmpdir: /tmp (java.io.tmpdir)
2025-09-25T16:03:30.346+03:00 DEBUG 145204 --- [user-service] [main] i.g.n.s.i.n.u.i.PlatformDependent        : -Dio.netty.bitMode: 64 (sun.arch.data.model)
2025-09-25T16:03:30.346+03:00 DEBUG 145204 --- [user-service] [main] i.g.n.s.i.n.u.i.PlatformDependent        : -Dio.netty.maxDirectMemory: -1 bytes
2025-09-25T16:03:30.346+03:00 DEBUG 145204 --- [user-service] [main] i.g.n.s.i.n.u.i.PlatformDependent        : -Dio.netty.uninitializedArrayAllocationThreshold: -1
2025-09-25T16:03:30.347+03:00 DEBUG 145204 --- [user-service] [main] i.g.n.s.i.n.util.internal.CleanerJava9   : java.nio.ByteBuffer.cleaner(): available
2025-09-25T16:03:30.347+03:00 DEBUG 145204 --- [user-service] [main] i.g.n.s.i.n.u.i.PlatformDependent        : -Dio.netty.noPreferDirect: false
2025-09-25T16:03:30.360+03:00 DEBUG 145204 --- [user-service] [main] i.g.n.s.i.n.u.i.NativeLibraryLoader      : -Dio.netty.native.workdir: /tmp (io.netty.tmpdir)
2025-09-25T16:03:30.360+03:00 DEBUG 145204 --- [user-service] [main] i.g.n.s.i.n.u.i.NativeLibraryLoader      : -Dio.netty.native.deleteLibAfterLoading: true
2025-09-25T16:03:30.360+03:00 DEBUG 145204 --- [user-service] [main] i.g.n.s.i.n.u.i.NativeLibraryLoader      : -Dio.netty.native.tryPatchShadedId: true
2025-09-25T16:03:30.361+03:00 DEBUG 145204 --- [user-service] [main] i.g.n.s.i.n.u.i.NativeLibraryLoader      : -Dio.netty.native.detectNativeLibraryDuplicates: true
2025-09-25T16:03:30.365+03:00 DEBUG 145204 --- [user-service] [main] i.g.n.s.i.n.u.i.NativeLibraryLoader      : Successfully loaded the library /tmp/libio_grpc_netty_shaded_netty_transport_native_epoll_x86_6410489077598080144252.so
2025-09-25T16:03:30.366+03:00 DEBUG 145204 --- [user-service] [main] i.g.netty.shaded.io.netty.util.NetUtil   : -Djava.net.preferIPv4Stack: false
2025-09-25T16:03:30.367+03:00 DEBUG 145204 --- [user-service] [main] i.g.netty.shaded.io.netty.util.NetUtil   : -Djava.net.preferIPv6Addresses: false
2025-09-25T16:03:30.367+03:00 DEBUG 145204 --- [user-service] [main] i.g.n.s.i.n.util.NetUtilInitializations  : Loopback interface: lo (lo, 0:0:0:0:0:0:0:1%lo)
2025-09-25T16:03:30.368+03:00 DEBUG 145204 --- [user-service] [main] i.g.netty.shaded.io.netty.util.NetUtil   : /proc/sys/net/core/somaxconn: 4096
2025-09-25T16:03:30.380+03:00 DEBUG 145204 --- [user-service] [main] i.g.n.s.i.n.c.MultithreadEventLoopGroup  : -Dio.netty.eventLoopThreads: 24
2025-09-25T16:03:30.384+03:00  INFO 145204 --- [user-service] [main] n.d.b.g.s.s.AbstractGrpcServerFactory    : Registered gRPC service: com.example.user.UserService, bean: userServiceImpl, class: com.example.user.service.UserServiceImpl
2025-09-25T16:03:30.384+03:00  INFO 145204 --- [user-service] [main] n.d.b.g.s.s.AbstractGrpcServerFactory    : Registered gRPC service: grpc.health.v1.Health, bean: grpcHealthService, class: io.grpc.protobuf.services.HealthServiceImpl
2025-09-25T16:03:30.384+03:00  INFO 145204 --- [user-service] [main] n.d.b.g.s.s.AbstractGrpcServerFactory    : Registered gRPC service: grpc.reflection.v1alpha.ServerReflection, bean: protoReflectionService, class: io.grpc.protobuf.services.ProtoReflectionService
2025-09-25T16:03:30.384+03:00  WARN 145204 --- [user-service] [main] c.example.user.UserServiceApplication    : GlobalExceptionInterceptor is not available - exceptions may not be handled properly
2025-09-25T16:03:30.385+03:00 DEBUG 145204 --- [user-service] [main] io.grpc.internal.ServerImplBuilder       : Unable to apply census stats

java.lang.ClassNotFoundException: io.grpc.census.InternalCensusStatsAccessor
	at java.base/jdk.internal.loader.BuiltinClassLoader.loadClass(BuiltinClassLoader.java:641) ~[na:na]
	at java.base/jdk.internal.loader.ClassLoaders$AppClassLoader.loadClass(ClassLoaders.java:188) ~[na:na]
	at java.base/java.lang.ClassLoader.loadClass(ClassLoader.java:526) ~[na:na]
	at java.base/java.lang.Class.forName0(Native Method) ~[na:na]
	at java.base/java.lang.Class.forName(Class.java:421) ~[na:na]
	at java.base/java.lang.Class.forName(Class.java:412) ~[na:na]
	at io.grpc.internal.ServerImplBuilder.getTracerFactories(ServerImplBuilder.java:264) ~[grpc-core-1.58.0.jar:1.58.0]
	at io.grpc.internal.ServerImplBuilder.build(ServerImplBuilder.java:243) ~[grpc-core-1.58.0.jar:1.58.0]
	at io.grpc.internal.AbstractServerImplBuilder.build(AbstractServerImplBuilder.java:217) ~[grpc-core-1.58.0.jar:1.58.0]
	at net.devh.boot.grpc.server.serverfactory.AbstractGrpcServerFactory.createServer(AbstractGrpcServerFactory.java:68) ~[grpc-server-spring-boot-autoconfigure-2.15.0.RELEASE.jar:2.15.0.RELEASE]
	at net.devh.boot.grpc.server.serverfactory.GrpcServerLifecycle.createAndStartGrpcServer(GrpcServerLifecycle.java:111) ~[grpc-server-spring-boot-autoconfigure-2.15.0.RELEASE.jar:2.15.0.RELEASE]
	at net.devh.boot.grpc.server.serverfactory.GrpcServerLifecycle.start(GrpcServerLifecycle.java:72) ~[grpc-server-spring-boot-autoconfigure-2.15.0.RELEASE.jar:2.15.0.RELEASE]
	at org.springframework.context.support.DefaultLifecycleProcessor.doStart(DefaultLifecycleProcessor.java:405) ~[spring-context-6.2.11.jar:6.2.11]
	at org.springframework.context.support.DefaultLifecycleProcessor.doStart(DefaultLifecycleProcessor.java:394) ~[spring-context-6.2.11.jar:6.2.11]
	at org.springframework.context.support.DefaultLifecycleProcessor$LifecycleGroup.start(DefaultLifecycleProcessor.java:586) ~[spring-context-6.2.11.jar:6.2.11]
	at java.base/java.lang.Iterable.forEach(Iterable.java:75) ~[na:na]
	at org.springframework.context.support.DefaultLifecycleProcessor.startBeans(DefaultLifecycleProcessor.java:364) ~[spring-context-6.2.11.jar:6.2.11]
	at org.springframework.context.support.DefaultLifecycleProcessor.onRefresh(DefaultLifecycleProcessor.java:310) ~[spring-context-6.2.11.jar:6.2.11]
	at org.springframework.context.support.AbstractApplicationContext.finishRefresh(AbstractApplicationContext.java:1006) ~[spring-context-6.2.11.jar:6.2.11]
	at org.springframework.context.support.AbstractApplicationContext.refresh(AbstractApplicationContext.java:630) ~[spring-context-6.2.11.jar:6.2.11]
	at org.springframework.boot.SpringApplication.refresh(SpringApplication.java:752) ~[spring-boot-3.5.6.jar:3.5.6]
	at org.springframework.boot.SpringApplication.refreshContext(SpringApplication.java:439) ~[spring-boot-3.5.6.jar:3.5.6]
	at org.springframework.boot.SpringApplication.run(SpringApplication.java:318) ~[spring-boot-3.5.6.jar:3.5.6]
	at org.springframework.boot.SpringApplication.run(SpringApplication.java:1361) ~[spring-boot-3.5.6.jar:3.5.6]
	at org.springframework.boot.SpringApplication.run(SpringApplication.java:1350) ~[spring-boot-3.5.6.jar:3.5.6]
	at com.example.user.UserServiceApplication.main(UserServiceApplication.java:19) ~[classes/:na]

2025-09-25T16:03:30.388+03:00 DEBUG 145204 --- [user-service] [main] io.grpc.internal.ServerImplBuilder       : Unable to apply census stats

java.lang.ClassNotFoundException: io.grpc.census.InternalCensusTracingAccessor
	at java.base/jdk.internal.loader.BuiltinClassLoader.loadClass(BuiltinClassLoader.java:641) ~[na:na]
	at java.base/jdk.internal.loader.ClassLoaders$AppClassLoader.loadClass(ClassLoaders.java:188) ~[na:na]
	at java.base/java.lang.ClassLoader.loadClass(ClassLoader.java:526) ~[na:na]
	at java.base/java.lang.Class.forName0(Native Method) ~[na:na]
	at java.base/java.lang.Class.forName(Class.java:421) ~[na:na]
	at java.base/java.lang.Class.forName(Class.java:412) ~[na:na]
	at io.grpc.internal.ServerImplBuilder.getTracerFactories(ServerImplBuilder.java:296) ~[grpc-core-1.58.0.jar:1.58.0]
	at io.grpc.internal.ServerImplBuilder.build(ServerImplBuilder.java:243) ~[grpc-core-1.58.0.jar:1.58.0]
	at io.grpc.internal.AbstractServerImplBuilder.build(AbstractServerImplBuilder.java:217) ~[grpc-core-1.58.0.jar:1.58.0]
	at net.devh.boot.grpc.server.serverfactory.AbstractGrpcServerFactory.createServer(AbstractGrpcServerFactory.java:68) ~[grpc-server-spring-boot-autoconfigure-2.15.0.RELEASE.jar:2.15.0.RELEASE]
	at net.devh.boot.grpc.server.serverfactory.GrpcServerLifecycle.createAndStartGrpcServer(GrpcServerLifecycle.java:111) ~[grpc-server-spring-boot-autoconfigure-2.15.0.RELEASE.jar:2.15.0.RELEASE]
	at net.devh.boot.grpc.server.serverfactory.GrpcServerLifecycle.start(GrpcServerLifecycle.java:72) ~[grpc-server-spring-boot-autoconfigure-2.15.0.RELEASE.jar:2.15.0.RELEASE]
	at org.springframework.context.support.DefaultLifecycleProcessor.doStart(DefaultLifecycleProcessor.java:405) ~[spring-context-6.2.11.jar:6.2.11]
	at org.springframework.context.support.DefaultLifecycleProcessor.doStart(DefaultLifecycleProcessor.java:394) ~[spring-context-6.2.11.jar:6.2.11]
	at org.springframework.context.support.DefaultLifecycleProcessor$LifecycleGroup.start(DefaultLifecycleProcessor.java:586) ~[spring-context-6.2.11.jar:6.2.11]
	at java.base/java.lang.Iterable.forEach(Iterable.java:75) ~[na:na]
	at org.springframework.context.support.DefaultLifecycleProcessor.startBeans(DefaultLifecycleProcessor.java:364) ~[spring-context-6.2.11.jar:6.2.11]
	at org.springframework.context.support.DefaultLifecycleProcessor.onRefresh(DefaultLifecycleProcessor.java:310) ~[spring-context-6.2.11.jar:6.2.11]
	at org.springframework.context.support.AbstractApplicationContext.finishRefresh(AbstractApplicationContext.java:1006) ~[spring-context-6.2.11.jar:6.2.11]
	at org.springframework.context.support.AbstractApplicationContext.refresh(AbstractApplicationContext.java:630) ~[spring-context-6.2.11.jar:6.2.11]
	at org.springframework.boot.SpringApplication.refresh(SpringApplication.java:752) ~[spring-boot-3.5.6.jar:3.5.6]
	at org.springframework.boot.SpringApplication.refreshContext(SpringApplication.java:439) ~[spring-boot-3.5.6.jar:3.5.6]
	at org.springframework.boot.SpringApplication.run(SpringApplication.java:318) ~[spring-boot-3.5.6.jar:3.5.6]
	at org.springframework.boot.SpringApplication.run(SpringApplication.java:1361) ~[spring-boot-3.5.6.jar:3.5.6]
	at org.springframework.boot.SpringApplication.run(SpringApplication.java:1350) ~[spring-boot-3.5.6.jar:3.5.6]
	at com.example.user.UserServiceApplication.main(UserServiceApplication.java:19) ~[classes/:na]

2025-09-25T16:03:30.395+03:00 DEBUG 145204 --- [user-service] [main] i.g.n.s.i.n.u.c.GlobalEventExecutor      : -Dio.netty.globalEventExecutor.quietPeriodSeconds: 1
2025-09-25T16:03:30.397+03:00 DEBUG 145204 --- [user-service] [main] i.g.n.s.i.n.u.i.InternalThreadLocalMap   : -Dio.netty.threadLocalMap.stringBuilder.initialSize: 1024
2025-09-25T16:03:30.397+03:00 DEBUG 145204 --- [user-service] [main] i.g.n.s.i.n.u.i.InternalThreadLocalMap   : -Dio.netty.threadLocalMap.stringBuilder.maxSize: 4096
2025-09-25T16:03:30.402+03:00 DEBUG 145204 --- [user-service] [main] i.g.n.s.i.n.u.i.PlatformDependent        : org.jctools-core.MpscChunkedArrayQueue: available
2025-09-25T16:03:30.416+03:00 DEBUG 145204 --- [user-service] [main] i.g.n.s.i.n.util.ResourceLeakDetector    : -Dio.grpc.netty.shaded.io.netty.leakDetection.level: simple
2025-09-25T16:03:30.417+03:00 DEBUG 145204 --- [user-service] [main] i.g.n.s.i.n.util.ResourceLeakDetector    : -Dio.grpc.netty.shaded.io.netty.leakDetection.targetRecords: 4
2025-09-25T16:03:30.418+03:00 DEBUG 145204 --- [user-service] [main] i.g.n.s.i.n.b.PooledByteBufAllocator     : -Dio.netty.allocator.numHeapArenas: 24
2025-09-25T16:03:30.418+03:00 DEBUG 145204 --- [user-service] [main] i.g.n.s.i.n.b.PooledByteBufAllocator     : -Dio.netty.allocator.numDirectArenas: 24
2025-09-25T16:03:30.418+03:00 DEBUG 145204 --- [user-service] [main] i.g.n.s.i.n.b.PooledByteBufAllocator     : -Dio.netty.allocator.pageSize: 8192
2025-09-25T16:03:30.418+03:00 DEBUG 145204 --- [user-service] [main] i.g.n.s.i.n.b.PooledByteBufAllocator     : -Dio.netty.allocator.maxOrder: 9
2025-09-25T16:03:30.418+03:00 DEBUG 145204 --- [user-service] [main] i.g.n.s.i.n.b.PooledByteBufAllocator     : -Dio.netty.allocator.chunkSize: 4194304
2025-09-25T16:03:30.418+03:00 DEBUG 145204 --- [user-service] [main] i.g.n.s.i.n.b.PooledByteBufAllocator     : -Dio.netty.allocator.smallCacheSize: 256
2025-09-25T16:03:30.418+03:00 DEBUG 145204 --- [user-service] [main] i.g.n.s.i.n.b.PooledByteBufAllocator     : -Dio.netty.allocator.normalCacheSize: 64
2025-09-25T16:03:30.418+03:00 DEBUG 145204 --- [user-service] [main] i.g.n.s.i.n.b.PooledByteBufAllocator     : -Dio.netty.allocator.maxCachedBufferCapacity: 32768
2025-09-25T16:03:30.418+03:00 DEBUG 145204 --- [user-service] [main] i.g.n.s.i.n.b.PooledByteBufAllocator     : -Dio.netty.allocator.cacheTrimInterval: 8192
2025-09-25T16:03:30.418+03:00 DEBUG 145204 --- [user-service] [main] i.g.n.s.i.n.b.PooledByteBufAllocator     : -Dio.netty.allocator.cacheTrimIntervalMillis: 0
2025-09-25T16:03:30.418+03:00 DEBUG 145204 --- [user-service] [main] i.g.n.s.i.n.b.PooledByteBufAllocator     : -Dio.netty.allocator.useCacheForAllThreads: false
2025-09-25T16:03:30.418+03:00 DEBUG 145204 --- [user-service] [main] i.g.n.s.i.n.b.PooledByteBufAllocator     : -Dio.netty.allocator.maxCachedByteBuffersPerChunk: 1023
2025-09-25T16:03:30.425+03:00 DEBUG 145204 --- [user-service] [main] i.grpc.netty.shaded.io.grpc.netty.Utils  : Using custom allocator: forceHeapBuffer=false, defaultPreferDirect=true
2025-09-25T16:03:30.426+03:00 DEBUG 145204 --- [user-service] [main] i.grpc.netty.shaded.io.grpc.netty.Utils  : Creating allocator, preferDirect=true
2025-09-25T16:03:30.426+03:00 DEBUG 145204 --- [user-service] [main] i.grpc.netty.shaded.io.grpc.netty.Utils  : Forcing maxOrder=8
2025-09-25T16:03:30.427+03:00 DEBUG 145204 --- [user-service] [main] i.grpc.netty.shaded.io.grpc.netty.Utils  : Using custom allocator: forceHeapBuffer=false, defaultPreferDirect=true
2025-09-25T16:03:30.431+03:00 DEBUG 145204 --- [user-service] [grpc-default-boss-ELG-1-1] i.g.n.s.i.n.channel.DefaultChannelId     : -Dio.netty.processId: 145204 (auto-detected)
2025-09-25T16:03:30.432+03:00 DEBUG 145204 --- [user-service] [grpc-default-boss-ELG-1-1] i.g.n.s.i.n.channel.DefaultChannelId     : -Dio.netty.machineId: 38:7a:0e:ff:fe:8f:75:87 (auto-detected)
2025-09-25T16:03:30.444+03:00 DEBUG 145204 --- [user-service] [grpc-default-boss-ELG-1-1] i.g.n.s.io.netty.buffer.ByteBufUtil      : -Dio.netty.allocator.type: pooled
2025-09-25T16:03:30.444+03:00 DEBUG 145204 --- [user-service] [grpc-default-boss-ELG-1-1] i.g.n.s.io.netty.buffer.ByteBufUtil      : -Dio.netty.threadLocalDirectBufferSize: 0
2025-09-25T16:03:30.444+03:00 DEBUG 145204 --- [user-service] [grpc-default-boss-ELG-1-1] i.g.n.s.io.netty.buffer.ByteBufUtil      : -Dio.netty.maxThreadLocalCharBufferSize: 16384
2025-09-25T16:03:30.448+03:00  INFO 145204 --- [user-service] [main] n.d.b.g.s.s.GrpcServerLifecycle          : gRPC Server started, listening on address: 0.0.0.0, port: 9090
2025-09-25T16:03:30.451+03:00  INFO 145204 --- [user-service] [main] c.example.user.UserServiceApplication    : Started UserServiceApplication in 2.001 seconds (process running for 2.163)
2025-09-25T16:04:07.307+03:00 DEBUG 145204 --- [user-service] [grpc-default-worker-ELG-3-1] i.g.n.s.io.netty.buffer.AbstractByteBuf  : -Dio.grpc.netty.shaded.io.netty.buffer.checkAccessible: true
2025-09-25T16:04:07.308+03:00 DEBUG 145204 --- [user-service] [grpc-default-worker-ELG-3-1] i.g.n.s.io.netty.buffer.AbstractByteBuf  : -Dio.grpc.netty.shaded.io.netty.buffer.checkBounds: true
2025-09-25T16:04:07.309+03:00 DEBUG 145204 --- [user-service] [grpc-default-worker-ELG-3-1] .g.n.s.i.n.u.ResourceLeakDetectorFactory : Loaded default ResourceLeakDetector: io.grpc.netty.shaded.io.netty.util.ResourceLeakDetector@5f533a3f
2025-09-25T16:04:07.347+03:00 DEBUG 145204 --- [user-service] [grpc-default-worker-ELG-3-1] i.g.n.s.i.grpc.netty.NettyServerHandler  : [id: 0xfc93a805, L:/127.0.0.1:9090 - R:/127.0.0.1:59074] OUTBOUND SETTINGS: ack=false settings={MAX_CONCURRENT_STREAMS=2147483647, INITIAL_WINDOW_SIZE=1048576, MAX_HEADER_LIST_SIZE=8192}
2025-09-25T16:04:07.349+03:00 DEBUG 145204 --- [user-service] [grpc-default-worker-ELG-3-1] i.g.netty.shaded.io.netty.util.Recycler  : -Dio.netty.recycler.maxCapacityPerThread: 4096
2025-09-25T16:04:07.349+03:00 DEBUG 145204 --- [user-service] [grpc-default-worker-ELG-3-1] i.g.netty.shaded.io.netty.util.Recycler  : -Dio.netty.recycler.ratio: 8
2025-09-25T16:04:07.350+03:00 DEBUG 145204 --- [user-service] [grpc-default-worker-ELG-3-1] i.g.netty.shaded.io.netty.util.Recycler  : -Dio.netty.recycler.chunkSize: 32
2025-09-25T16:04:07.350+03:00 DEBUG 145204 --- [user-service] [grpc-default-worker-ELG-3-1] i.g.netty.shaded.io.netty.util.Recycler  : -Dio.netty.recycler.blocking: false
2025-09-25T16:04:07.350+03:00 DEBUG 145204 --- [user-service] [grpc-default-worker-ELG-3-1] i.g.netty.shaded.io.netty.util.Recycler  : -Dio.netty.recycler.batchFastThreadLocalOnly: true
2025-09-25T16:04:07.357+03:00 DEBUG 145204 --- [user-service] [grpc-default-worker-ELG-3-1] i.g.n.s.i.grpc.netty.NettyServerHandler  : [id: 0xfc93a805, L:/127.0.0.1:9090 - R:/127.0.0.1:59074] OUTBOUND WINDOW_UPDATE: streamId=0 windowSizeIncrement=983041
2025-09-25T16:05:05.230+03:00  INFO 145204 --- [user-service] [SpringApplicationShutdownHook] n.d.b.g.s.s.GrpcServerLifecycle          : Completed gRPC server shutdown
2025-09-25T16:05:05.231+03:00  INFO 145204 --- [user-service] [SpringApplicationShutdownHook] j.LocalContainerEntityManagerFactoryBean : Closing JPA EntityManagerFactory for persistence unit 'default'
2025-09-25T16:05:05.232+03:00 DEBUG 145204 --- [user-service] [SpringApplicationShutdownHook] org.hibernate.SQL                        : 
    drop table if exists users cascade 
2025-09-25T16:05:05.235+03:00  INFO 145204 --- [user-service] [SpringApplicationShutdownHook] com.zaxxer.hikari.HikariDataSource       : HikariPool-1 - Shutdown initiated...
2025-09-25T16:05:05.238+03:00  INFO 145204 --- [user-service] [SpringApplicationShutdownHook] com.zaxxer.hikari.HikariDataSource       : HikariPool-1 - Shutdown completed.
2025-09-25T16:05:17.237+03:00  INFO 146440 --- [user-service] [main] c.example.user.UserServiceApplication    : Starting UserServiceApplication using Java 21.0.8 with PID 146440 (/home/omerkarabas/development/grpc-microservices/user-service/target/classes started by omerkarabas in /home/omerkarabas/development/grpc-microservices/user-service)
2025-09-25T16:05:17.238+03:00 DEBUG 146440 --- [user-service] [main] c.example.user.UserServiceApplication    : Running with Spring Boot v3.5.6, Spring v6.2.11
2025-09-25T16:05:17.238+03:00  INFO 146440 --- [user-service] [main] c.example.user.UserServiceApplication    : No active profile set, falling back to 1 default profile: "default"
2025-09-25T16:05:17.488+03:00  INFO 146440 --- [user-service] [main] .s.d.r.c.RepositoryConfigurationDelegate : Bootstrapping Spring Data JPA repositories in DEFAULT mode.
2025-09-25T16:05:17.531+03:00  INFO 146440 --- [user-service] [main] .s.d.r.c.RepositoryConfigurationDelegate : Finished Spring Data repository scanning in 36 ms. Found 1 JPA repository interface.
2025-09-25T16:05:17.758+03:00  INFO 146440 --- [user-service] [main] o.hibernate.jpa.internal.util.LogHelper  : HHH000204: Processing PersistenceUnitInfo [name: default]
2025-09-25T16:05:17.779+03:00  INFO 146440 --- [user-service] [main] org.hibernate.Version                    : HHH000412: Hibernate ORM core version 6.6.29.Final
2025-09-25T16:05:17.794+03:00  INFO 146440 --- [user-service] [main] o.h.c.internal.RegionFactoryInitiator    : HHH000026: Second-level cache disabled
2025-09-25T16:05:17.953+03:00  INFO 146440 --- [user-service] [main] o.s.o.j.p.SpringPersistenceUnitInfo      : No LoadTimeWeaver setup: ignoring JPA class transformer
2025-09-25T16:05:17.969+03:00  INFO 146440 --- [user-service] [main] com.zaxxer.hikari.HikariDataSource       : HikariPool-1 - Starting...
2025-09-25T16:05:18.059+03:00  INFO 146440 --- [user-service] [main] com.zaxxer.hikari.pool.HikariPool        : HikariPool-1 - Added connection conn0: url=jdbc:h2:mem:usersdb user=SA
2025-09-25T16:05:18.060+03:00  INFO 146440 --- [user-service] [main] com.zaxxer.hikari.HikariDataSource       : HikariPool-1 - Start completed.
2025-09-25T16:05:18.073+03:00  WARN 146440 --- [user-service] [main] org.hibernate.orm.deprecation            : HHH90000025: H2Dialect does not need to be specified explicitly using 'hibernate.dialect' (remove the property setting and it will be selected by default)
2025-09-25T16:05:18.082+03:00  INFO 146440 --- [user-service] [main] org.hibernate.orm.connections.pooling    : HHH10001005: Database info:
	Database JDBC URL [Connecting through datasource 'HikariDataSource (HikariPool-1)']
	Database driver: undefined/unknown
	Database version: 2.2.224
	Autocommit mode: undefined/unknown
	Isolation level: undefined/unknown
	Minimum pool size: undefined/unknown
	Maximum pool size: undefined/unknown
2025-09-25T16:05:18.471+03:00  INFO 146440 --- [user-service] [main] o.h.e.t.j.p.i.JtaPlatformInitiator       : HHH000489: No JTA platform available (set 'hibernate.transaction.jta.platform' to enable JTA platform integration)
2025-09-25T16:05:18.478+03:00 DEBUG 146440 --- [user-service] [main] org.hibernate.SQL                        : 
    drop table if exists users cascade 
2025-09-25T16:05:18.482+03:00 DEBUG 146440 --- [user-service] [main] org.hibernate.SQL                        : 
    create table users (
        created_at timestamp(6) not null,
        updated_at timestamp(6),
        user_id bigint generated by default as identity,
        version bigint,
        phone_number varchar(50) not null,
        postal_code varchar(50),
        city_name varchar(100) not null,
        country_name varchar(100) not null,
        full_name varchar(100) not null,
        state_name varchar(100),
        email_address varchar(150) not null unique,
        street_address varchar(500),
        primary key (user_id)
    )
2025-09-25T16:05:18.489+03:00  INFO 146440 --- [user-service] [main] j.LocalContainerEntityManagerFactoryBean : Initialized JPA EntityManagerFactory for persistence unit 'default'
2025-09-25T16:05:18.643+03:00  INFO 146440 --- [user-service] [main] c.e.c.c.GrpcExceptionHandlingConfig      : GlobalExceptionInterceptor is configured and ready to handle exceptions
2025-09-25T16:05:18.667+03:00  INFO 146440 --- [user-service] [main] g.s.a.GrpcServerFactoryAutoConfiguration : Detected grpc-netty-shaded: Creating ShadedNettyGrpcServerFactory
2025-09-25T16:05:18.774+03:00 DEBUG 146440 --- [user-service] [main] i.g.n.s.i.n.u.i.l.InternalLoggerFactory  : Using SLF4J as the default logging framework
2025-09-25T16:05:18.775+03:00 DEBUG 146440 --- [user-service] [main] i.g.n.s.i.n.u.i.PlatformDependent0       : -Dio.netty.noUnsafe: false
2025-09-25T16:05:18.775+03:00 DEBUG 146440 --- [user-service] [main] i.g.n.s.i.n.u.i.PlatformDependent0       : Java version: 21
2025-09-25T16:05:18.776+03:00 DEBUG 146440 --- [user-service] [main] i.g.n.s.i.n.u.i.PlatformDependent0       : sun.misc.Unsafe.theUnsafe: available
2025-09-25T16:05:18.776+03:00 DEBUG 146440 --- [user-service] [main] i.g.n.s.i.n.u.i.PlatformDependent0       : sun.misc.Unsafe.copyMemory: available
2025-09-25T16:05:18.776+03:00 DEBUG 146440 --- [user-service] [main] i.g.n.s.i.n.u.i.PlatformDependent0       : sun.misc.Unsafe.storeFence: available
2025-09-25T16:05:18.777+03:00 DEBUG 146440 --- [user-service] [main] i.g.n.s.i.n.u.i.PlatformDependent0       : java.nio.Buffer.address: available
2025-09-25T16:05:18.777+03:00 DEBUG 146440 --- [user-service] [main] i.g.n.s.i.n.u.i.PlatformDependent0       : direct buffer constructor: unavailable: Reflective setAccessible(true) disabled
2025-09-25T16:05:18.777+03:00 DEBUG 146440 --- [user-service] [main] i.g.n.s.i.n.u.i.PlatformDependent0       : java.nio.Bits.unaligned: available, true
2025-09-25T16:05:18.778+03:00 DEBUG 146440 --- [user-service] [main] i.g.n.s.i.n.u.i.PlatformDependent0       : jdk.internal.misc.Unsafe.allocateUninitializedArray(int): unavailable: class io.grpc.netty.shaded.io.netty.util.internal.PlatformDependent0$7 cannot access class jdk.internal.misc.Unsafe (in module java.base) because module java.base does not export jdk.internal.misc to unnamed module @727803de
2025-09-25T16:05:18.778+03:00 DEBUG 146440 --- [user-service] [main] i.g.n.s.i.n.u.i.PlatformDependent0       : java.nio.DirectByteBuffer.<init>(long, {int,long}): unavailable
2025-09-25T16:05:18.778+03:00 DEBUG 146440 --- [user-service] [main] i.g.n.s.i.n.u.i.PlatformDependent        : sun.misc.Unsafe: available
2025-09-25T16:05:18.782+03:00 DEBUG 146440 --- [user-service] [main] i.g.n.s.i.n.u.i.PlatformDependent        : maxDirectMemory: 10435428352 bytes (maybe)
2025-09-25T16:05:18.783+03:00 DEBUG 146440 --- [user-service] [main] i.g.n.s.i.n.u.i.PlatformDependent        : -Dio.netty.tmpdir: /tmp (java.io.tmpdir)
2025-09-25T16:05:18.783+03:00 DEBUG 146440 --- [user-service] [main] i.g.n.s.i.n.u.i.PlatformDependent        : -Dio.netty.bitMode: 64 (sun.arch.data.model)
2025-09-25T16:05:18.783+03:00 DEBUG 146440 --- [user-service] [main] i.g.n.s.i.n.u.i.PlatformDependent        : -Dio.netty.maxDirectMemory: -1 bytes
2025-09-25T16:05:18.783+03:00 DEBUG 146440 --- [user-service] [main] i.g.n.s.i.n.u.i.PlatformDependent        : -Dio.netty.uninitializedArrayAllocationThreshold: -1
2025-09-25T16:05:18.784+03:00 DEBUG 146440 --- [user-service] [main] i.g.n.s.i.n.util.internal.CleanerJava9   : java.nio.ByteBuffer.cleaner(): available
2025-09-25T16:05:18.784+03:00 DEBUG 146440 --- [user-service] [main] i.g.n.s.i.n.u.i.PlatformDependent        : -Dio.netty.noPreferDirect: false
2025-09-25T16:05:18.796+03:00 DEBUG 146440 --- [user-service] [main] i.g.n.s.i.n.u.i.NativeLibraryLoader      : -Dio.netty.native.workdir: /tmp (io.netty.tmpdir)
2025-09-25T16:05:18.796+03:00 DEBUG 146440 --- [user-service] [main] i.g.n.s.i.n.u.i.NativeLibraryLoader      : -Dio.netty.native.deleteLibAfterLoading: true
2025-09-25T16:05:18.796+03:00 DEBUG 146440 --- [user-service] [main] i.g.n.s.i.n.u.i.NativeLibraryLoader      : -Dio.netty.native.tryPatchShadedId: true
2025-09-25T16:05:18.796+03:00 DEBUG 146440 --- [user-service] [main] i.g.n.s.i.n.u.i.NativeLibraryLoader      : -Dio.netty.native.detectNativeLibraryDuplicates: true
2025-09-25T16:05:18.800+03:00 DEBUG 146440 --- [user-service] [main] i.g.n.s.i.n.u.i.NativeLibraryLoader      : Successfully loaded the library /tmp/libio_grpc_netty_shaded_netty_transport_native_epoll_x86_6413361814317085279743.so
2025-09-25T16:05:18.802+03:00 DEBUG 146440 --- [user-service] [main] i.g.netty.shaded.io.netty.util.NetUtil   : -Djava.net.preferIPv4Stack: false
2025-09-25T16:05:18.802+03:00 DEBUG 146440 --- [user-service] [main] i.g.netty.shaded.io.netty.util.NetUtil   : -Djava.net.preferIPv6Addresses: false
2025-09-25T16:05:18.803+03:00 DEBUG 146440 --- [user-service] [main] i.g.n.s.i.n.util.NetUtilInitializations  : Loopback interface: lo (lo, 0:0:0:0:0:0:0:1%lo)
2025-09-25T16:05:18.804+03:00 DEBUG 146440 --- [user-service] [main] i.g.netty.shaded.io.netty.util.NetUtil   : /proc/sys/net/core/somaxconn: 4096
2025-09-25T16:05:18.813+03:00 DEBUG 146440 --- [user-service] [main] i.g.n.s.i.n.c.MultithreadEventLoopGroup  : -Dio.netty.eventLoopThreads: 24
2025-09-25T16:05:18.817+03:00  INFO 146440 --- [user-service] [main] n.d.b.g.s.s.AbstractGrpcServerFactory    : Registered gRPC service: com.example.user.UserService, bean: userServiceImpl, class: com.example.user.service.UserServiceImpl
2025-09-25T16:05:18.818+03:00  INFO 146440 --- [user-service] [main] n.d.b.g.s.s.AbstractGrpcServerFactory    : Registered gRPC service: grpc.health.v1.Health, bean: grpcHealthService, class: io.grpc.protobuf.services.HealthServiceImpl
2025-09-25T16:05:18.818+03:00  INFO 146440 --- [user-service] [main] n.d.b.g.s.s.AbstractGrpcServerFactory    : Registered gRPC service: grpc.reflection.v1alpha.ServerReflection, bean: protoReflectionService, class: io.grpc.protobuf.services.ProtoReflectionService
2025-09-25T16:05:18.818+03:00  INFO 146440 --- [user-service] [main] c.example.user.UserServiceApplication    : GlobalExceptionInterceptor registered successfully
2025-09-25T16:05:18.819+03:00 DEBUG 146440 --- [user-service] [main] io.grpc.internal.ServerImplBuilder       : Unable to apply census stats

java.lang.ClassNotFoundException: io.grpc.census.InternalCensusStatsAccessor
	at java.base/jdk.internal.loader.BuiltinClassLoader.loadClass(BuiltinClassLoader.java:641) ~[na:na]
	at java.base/jdk.internal.loader.ClassLoaders$AppClassLoader.loadClass(ClassLoaders.java:188) ~[na:na]
	at java.base/java.lang.ClassLoader.loadClass(ClassLoader.java:526) ~[na:na]
	at java.base/java.lang.Class.forName0(Native Method) ~[na:na]
	at java.base/java.lang.Class.forName(Class.java:421) ~[na:na]
	at java.base/java.lang.Class.forName(Class.java:412) ~[na:na]
	at io.grpc.internal.ServerImplBuilder.getTracerFactories(ServerImplBuilder.java:264) ~[grpc-core-1.58.0.jar:1.58.0]
	at io.grpc.internal.ServerImplBuilder.build(ServerImplBuilder.java:243) ~[grpc-core-1.58.0.jar:1.58.0]
	at io.grpc.internal.AbstractServerImplBuilder.build(AbstractServerImplBuilder.java:217) ~[grpc-core-1.58.0.jar:1.58.0]
	at net.devh.boot.grpc.server.serverfactory.AbstractGrpcServerFactory.createServer(AbstractGrpcServerFactory.java:68) ~[grpc-server-spring-boot-autoconfigure-2.15.0.RELEASE.jar:2.15.0.RELEASE]
	at net.devh.boot.grpc.server.serverfactory.GrpcServerLifecycle.createAndStartGrpcServer(GrpcServerLifecycle.java:111) ~[grpc-server-spring-boot-autoconfigure-2.15.0.RELEASE.jar:2.15.0.RELEASE]
	at net.devh.boot.grpc.server.serverfactory.GrpcServerLifecycle.start(GrpcServerLifecycle.java:72) ~[grpc-server-spring-boot-autoconfigure-2.15.0.RELEASE.jar:2.15.0.RELEASE]
	at org.springframework.context.support.DefaultLifecycleProcessor.doStart(DefaultLifecycleProcessor.java:405) ~[spring-context-6.2.11.jar:6.2.11]
	at org.springframework.context.support.DefaultLifecycleProcessor.doStart(DefaultLifecycleProcessor.java:394) ~[spring-context-6.2.11.jar:6.2.11]
	at org.springframework.context.support.DefaultLifecycleProcessor$LifecycleGroup.start(DefaultLifecycleProcessor.java:586) ~[spring-context-6.2.11.jar:6.2.11]
	at java.base/java.lang.Iterable.forEach(Iterable.java:75) ~[na:na]
	at org.springframework.context.support.DefaultLifecycleProcessor.startBeans(DefaultLifecycleProcessor.java:364) ~[spring-context-6.2.11.jar:6.2.11]
	at org.springframework.context.support.DefaultLifecycleProcessor.onRefresh(DefaultLifecycleProcessor.java:310) ~[spring-context-6.2.11.jar:6.2.11]
	at org.springframework.context.support.AbstractApplicationContext.finishRefresh(AbstractApplicationContext.java:1006) ~[spring-context-6.2.11.jar:6.2.11]
	at org.springframework.context.support.AbstractApplicationContext.refresh(AbstractApplicationContext.java:630) ~[spring-context-6.2.11.jar:6.2.11]
	at org.springframework.boot.SpringApplication.refresh(SpringApplication.java:752) ~[spring-boot-3.5.6.jar:3.5.6]
	at org.springframework.boot.SpringApplication.refreshContext(SpringApplication.java:439) ~[spring-boot-3.5.6.jar:3.5.6]
	at org.springframework.boot.SpringApplication.run(SpringApplication.java:318) ~[spring-boot-3.5.6.jar:3.5.6]
	at org.springframework.boot.SpringApplication.run(SpringApplication.java:1361) ~[spring-boot-3.5.6.jar:3.5.6]
	at org.springframework.boot.SpringApplication.run(SpringApplication.java:1350) ~[spring-boot-3.5.6.jar:3.5.6]
	at com.example.user.UserServiceApplication.main(UserServiceApplication.java:19) ~[classes/:na]

2025-09-25T16:05:18.821+03:00 DEBUG 146440 --- [user-service] [main] io.grpc.internal.ServerImplBuilder       : Unable to apply census stats

java.lang.ClassNotFoundException: io.grpc.census.InternalCensusTracingAccessor
	at java.base/jdk.internal.loader.BuiltinClassLoader.loadClass(BuiltinClassLoader.java:641) ~[na:na]
	at java.base/jdk.internal.loader.ClassLoaders$AppClassLoader.loadClass(ClassLoaders.java:188) ~[na:na]
	at java.base/java.lang.ClassLoader.loadClass(ClassLoader.java:526) ~[na:na]
	at java.base/java.lang.Class.forName0(Native Method) ~[na:na]
	at java.base/java.lang.Class.forName(Class.java:421) ~[na:na]
	at java.base/java.lang.Class.forName(Class.java:412) ~[na:na]
	at io.grpc.internal.ServerImplBuilder.getTracerFactories(ServerImplBuilder.java:296) ~[grpc-core-1.58.0.jar:1.58.0]
	at io.grpc.internal.ServerImplBuilder.build(ServerImplBuilder.java:243) ~[grpc-core-1.58.0.jar:1.58.0]
	at io.grpc.internal.AbstractServerImplBuilder.build(AbstractServerImplBuilder.java:217) ~[grpc-core-1.58.0.jar:1.58.0]
	at net.devh.boot.grpc.server.serverfactory.AbstractGrpcServerFactory.createServer(AbstractGrpcServerFactory.java:68) ~[grpc-server-spring-boot-autoconfigure-2.15.0.RELEASE.jar:2.15.0.RELEASE]
	at net.devh.boot.grpc.server.serverfactory.GrpcServerLifecycle.createAndStartGrpcServer(GrpcServerLifecycle.java:111) ~[grpc-server-spring-boot-autoconfigure-2.15.0.RELEASE.jar:2.15.0.RELEASE]
	at net.devh.boot.grpc.server.serverfactory.GrpcServerLifecycle.start(GrpcServerLifecycle.java:72) ~[grpc-server-spring-boot-autoconfigure-2.15.0.RELEASE.jar:2.15.0.RELEASE]
	at org.springframework.context.support.DefaultLifecycleProcessor.doStart(DefaultLifecycleProcessor.java:405) ~[spring-context-6.2.11.jar:6.2.11]
	at org.springframework.context.support.DefaultLifecycleProcessor.doStart(DefaultLifecycleProcessor.java:394) ~[spring-context-6.2.11.jar:6.2.11]
	at org.springframework.context.support.DefaultLifecycleProcessor$LifecycleGroup.start(DefaultLifecycleProcessor.java:586) ~[spring-context-6.2.11.jar:6.2.11]
	at java.base/java.lang.Iterable.forEach(Iterable.java:75) ~[na:na]
	at org.springframework.context.support.DefaultLifecycleProcessor.startBeans(DefaultLifecycleProcessor.java:364) ~[spring-context-6.2.11.jar:6.2.11]
	at org.springframework.context.support.DefaultLifecycleProcessor.onRefresh(DefaultLifecycleProcessor.java:310) ~[spring-context-6.2.11.jar:6.2.11]
	at org.springframework.context.support.AbstractApplicationContext.finishRefresh(AbstractApplicationContext.java:1006) ~[spring-context-6.2.11.jar:6.2.11]
	at org.springframework.context.support.AbstractApplicationContext.refresh(AbstractApplicationContext.java:630) ~[spring-context-6.2.11.jar:6.2.11]
	at org.springframework.boot.SpringApplication.refresh(SpringApplication.java:752) ~[spring-boot-3.5.6.jar:3.5.6]
	at org.springframework.boot.SpringApplication.refreshContext(SpringApplication.java:439) ~[spring-boot-3.5.6.jar:3.5.6]
	at org.springframework.boot.SpringApplication.run(SpringApplication.java:318) ~[spring-boot-3.5.6.jar:3.5.6]
	at org.springframework.boot.SpringApplication.run(SpringApplication.java:1361) ~[spring-boot-3.5.6.jar:3.5.6]
	at org.springframework.boot.SpringApplication.run(SpringApplication.java:1350) ~[spring-boot-3.5.6.jar:3.5.6]
	at com.example.user.UserServiceApplication.main(UserServiceApplication.java:19) ~[classes/:na]

2025-09-25T16:05:18.826+03:00 DEBUG 146440 --- [user-service] [main] i.g.n.s.i.n.u.c.GlobalEventExecutor      : -Dio.netty.globalEventExecutor.quietPeriodSeconds: 1
2025-09-25T16:05:18.828+03:00 DEBUG 146440 --- [user-service] [main] i.g.n.s.i.n.u.i.InternalThreadLocalMap   : -Dio.netty.threadLocalMap.stringBuilder.initialSize: 1024
2025-09-25T16:05:18.829+03:00 DEBUG 146440 --- [user-service] [main] i.g.n.s.i.n.u.i.InternalThreadLocalMap   : -Dio.netty.threadLocalMap.stringBuilder.maxSize: 4096
2025-09-25T16:05:18.834+03:00 DEBUG 146440 --- [user-service] [main] i.g.n.s.i.n.u.i.PlatformDependent        : org.jctools-core.MpscChunkedArrayQueue: available
2025-09-25T16:05:18.845+03:00 DEBUG 146440 --- [user-service] [main] i.g.n.s.i.n.util.ResourceLeakDetector    : -Dio.grpc.netty.shaded.io.netty.leakDetection.level: simple
2025-09-25T16:05:18.845+03:00 DEBUG 146440 --- [user-service] [main] i.g.n.s.i.n.util.ResourceLeakDetector    : -Dio.grpc.netty.shaded.io.netty.leakDetection.targetRecords: 4
2025-09-25T16:05:18.846+03:00 DEBUG 146440 --- [user-service] [main] i.g.n.s.i.n.b.PooledByteBufAllocator     : -Dio.netty.allocator.numHeapArenas: 24
2025-09-25T16:05:18.846+03:00 DEBUG 146440 --- [user-service] [main] i.g.n.s.i.n.b.PooledByteBufAllocator     : -Dio.netty.allocator.numDirectArenas: 24
2025-09-25T16:05:18.846+03:00 DEBUG 146440 --- [user-service] [main] i.g.n.s.i.n.b.PooledByteBufAllocator     : -Dio.netty.allocator.pageSize: 8192
2025-09-25T16:05:18.846+03:00 DEBUG 146440 --- [user-service] [main] i.g.n.s.i.n.b.PooledByteBufAllocator     : -Dio.netty.allocator.maxOrder: 9
2025-09-25T16:05:18.847+03:00 DEBUG 146440 --- [user-service] [main] i.g.n.s.i.n.b.PooledByteBufAllocator     : -Dio.netty.allocator.chunkSize: 4194304
2025-09-25T16:05:18.847+03:00 DEBUG 146440 --- [user-service] [main] i.g.n.s.i.n.b.PooledByteBufAllocator     : -Dio.netty.allocator.smallCacheSize: 256
2025-09-25T16:05:18.847+03:00 DEBUG 146440 --- [user-service] [main] i.g.n.s.i.n.b.PooledByteBufAllocator     : -Dio.netty.allocator.normalCacheSize: 64
2025-09-25T16:05:18.847+03:00 DEBUG 146440 --- [user-service] [main] i.g.n.s.i.n.b.PooledByteBufAllocator     : -Dio.netty.allocator.maxCachedBufferCapacity: 32768
2025-09-25T16:05:18.847+03:00 DEBUG 146440 --- [user-service] [main] i.g.n.s.i.n.b.PooledByteBufAllocator     : -Dio.netty.allocator.cacheTrimInterval: 8192
2025-09-25T16:05:18.847+03:00 DEBUG 146440 --- [user-service] [main] i.g.n.s.i.n.b.PooledByteBufAllocator     : -Dio.netty.allocator.cacheTrimIntervalMillis: 0
2025-09-25T16:05:18.847+03:00 DEBUG 146440 --- [user-service] [main] i.g.n.s.i.n.b.PooledByteBufAllocator     : -Dio.netty.allocator.useCacheForAllThreads: false
2025-09-25T16:05:18.847+03:00 DEBUG 146440 --- [user-service] [main] i.g.n.s.i.n.b.PooledByteBufAllocator     : -Dio.netty.allocator.maxCachedByteBuffersPerChunk: 1023
2025-09-25T16:05:18.852+03:00 DEBUG 146440 --- [user-service] [main] i.grpc.netty.shaded.io.grpc.netty.Utils  : Using custom allocator: forceHeapBuffer=false, defaultPreferDirect=true
2025-09-25T16:05:18.852+03:00 DEBUG 146440 --- [user-service] [main] i.grpc.netty.shaded.io.grpc.netty.Utils  : Creating allocator, preferDirect=true
2025-09-25T16:05:18.852+03:00 DEBUG 146440 --- [user-service] [main] i.grpc.netty.shaded.io.grpc.netty.Utils  : Forcing maxOrder=8
2025-09-25T16:05:18.853+03:00 DEBUG 146440 --- [user-service] [main] i.grpc.netty.shaded.io.grpc.netty.Utils  : Using custom allocator: forceHeapBuffer=false, defaultPreferDirect=true
2025-09-25T16:05:18.858+03:00 DEBUG 146440 --- [user-service] [grpc-default-boss-ELG-1-1] i.g.n.s.i.n.channel.DefaultChannelId     : -Dio.netty.processId: 146440 (auto-detected)
2025-09-25T16:05:18.859+03:00 DEBUG 146440 --- [user-service] [grpc-default-boss-ELG-1-1] i.g.n.s.i.n.channel.DefaultChannelId     : -Dio.netty.machineId: 38:7a:0e:ff:fe:8f:75:87 (auto-detected)
2025-09-25T16:05:18.870+03:00 DEBUG 146440 --- [user-service] [grpc-default-boss-ELG-1-1] i.g.n.s.io.netty.buffer.ByteBufUtil      : -Dio.netty.allocator.type: pooled
2025-09-25T16:05:18.870+03:00 DEBUG 146440 --- [user-service] [grpc-default-boss-ELG-1-1] i.g.n.s.io.netty.buffer.ByteBufUtil      : -Dio.netty.threadLocalDirectBufferSize: 0
2025-09-25T16:05:18.870+03:00 DEBUG 146440 --- [user-service] [grpc-default-boss-ELG-1-1] i.g.n.s.io.netty.buffer.ByteBufUtil      : -Dio.netty.maxThreadLocalCharBufferSize: 16384
2025-09-25T16:05:18.875+03:00  INFO 146440 --- [user-service] [main] n.d.b.g.s.s.GrpcServerLifecycle          : gRPC Server started, listening on address: 0.0.0.0, port: 9090
2025-09-25T16:05:18.878+03:00  INFO 146440 --- [user-service] [main] c.example.user.UserServiceApplication    : Started UserServiceApplication in 1.852 seconds (process running for 2.004)
